MPASM  5.51                        MYNAME.ASM   7-7-2023  18:38:30         PAGE  1


LOC  OBJECT CODE     LINE SOURCE TEXT
  VALUE

Warning[205]: Found directive in column 1. (list)
                      00001 list P=16F877A
Warning[205]: Found directive in column 1. (include)
                      00002 include <P16F877A.inc>
                      00001         LIST
                      00002 
                      00003 ;==========================================================================
                      00004 ;  MPASM PIC16F877A processor include
                      00005 ; 
                      00006 ;  (c) Copyright 1999-2013 Microchip Technology, All rights reserved
                      00007 ;==========================================================================
                      00008 
                      00566         LIST
                      00003 
  00000030            00004 val1 EQU 0x30
  00000031            00005 val2 EQU 0x31
                      00006 
0000                  00007         org 0
0000   2805           00008         goto init
0005                  00009         org 5
                      00010 
0005                  00011 init 
0005   0186           00012         clrf PORTB
0006   0188           00013         clrf PORTD
0007   1683           00014         bsf STATUS,RP0
0008   1303           00015         bcf STATUS,RP1
Message[302]: Register in operand not in bank 0.  Ensure that bank bits are correct.
0009   0186           00016         clrf TRISB
Message[302]: Register in operand not in bank 0.  Ensure that bank bits are correct.
000A   0188           00017         clrf TRISD; seleccion del puerto B y D como salidas
000B   1283           00018         bcf STATUS,RP0
                      00019 
000C                  00020 start
000C   2050           00021         call LCD_init
000D   2011           00022         call message_1
000E   2065           00023         call LCD_line2
000F   2040           00024         call message_2
0010   280C           00025         goto start
                      00026 
0011                  00027 message_1
0011   304D           00028         movlw 'M'
0012   0086           00029         movwf PORTB
0013   2062           00030         call LCD_send
0014   3049           00031         movlw 'I'
0015   0086           00032         movwf PORTB
0016   2062           00033         call LCD_send
0017   3043           00034         movlw 'C'
0018   0086           00035         movwf PORTB
0019   2062           00036         call LCD_send
001A   3052           00037         movlw 'R'
001B   0086           00038         movwf PORTB
001C   2062           00039         call LCD_send
001D   304F           00040         movlw 'O'
MPASM  5.51                        MYNAME.ASM   7-7-2023  18:38:30         PAGE  2


LOC  OBJECT CODE     LINE SOURCE TEXT
  VALUE

001E   0086           00041         movwf PORTB
001F   2062           00042         call LCD_send
0020   3043           00043         movlw 'C'
0021   0086           00044         movwf PORTB
0022   2062           00045         call LCD_send
0023   304F           00046         movlw 'O'
0024   0086           00047         movwf PORTB
0025   2062           00048         call LCD_send
0026   304E           00049         movlw 'N'
0027   0086           00050         movwf PORTB
0028   2062           00051         call LCD_send
0029   3054           00052         movlw 'T'
002A   0086           00053         movwf PORTB
002B   2062           00054         call LCD_send
002C   3052           00055         movlw 'R'
002D   0086           00056         movwf PORTB
002E   2062           00057         call LCD_send
002F   304F           00058         movlw 'O'
0030   0086           00059         movwf PORTB
0031   2062           00060         call LCD_send
0032   304C           00061         movlw 'L'
0033   0086           00062         movwf PORTB
0034   2062           00063         call LCD_send
0035   3041           00064         movlw 'A'
0036   0086           00065         movwf PORTB
0037   2062           00066         call LCD_send
0038   3044           00067         movlw 'D'
0039   0086           00068         movwf PORTB
003A   2062           00069         call LCD_send
003B   304F           00070         movlw 'O'
003C   0086           00071         movwf PORTB
003D   2062           00072         call LCD_send
003E   3052           00073         movlw 'R'
                      00074 
003F   0008           00075         return
                      00076 
0040                  00077 message_2
0040   3043           00078         movlw 'C'
0041   0086           00079         movwf PORTB
0042   2062           00080         call LCD_send
0043   3045           00081         movlw 'E'
0044   0086           00082         movwf PORTB
0045   2062           00083         call LCD_send
0046   3053           00084         movlw 'S'
0047   0086           00085         movwf PORTB
0048   2062           00086         call LCD_send
0049   3041           00087         movlw 'A'
004A   0086           00088         movwf PORTB
004B   2062           00089         call LCD_send
004C   3052           00090         movlw 'R'
004D   0086           00091         movwf PORTB
004E   2062           00092         call LCD_send
                      00093 
MPASM  5.51                        MYNAME.ASM   7-7-2023  18:38:30         PAGE  3


LOC  OBJECT CODE     LINE SOURCE TEXT
  VALUE

004F   0008           00094         return
                      00095 
                      00096 ; inicializar led
0050                  00097 LCD_init
0050   1006           00098         bcf PORTB,0
0051   3001           00099         movlw 0x01; clear screen
0052   0086           00100         movwf PORTB
0053   205C           00101         call LCD_command
0054   300C           00102         movlw 0x0C; select line 1
0055   0086           00103         movwf PORTB
0056   205C           00104         call LCD_command
0057   303C           00105         movlw 0x3C
0058   0086           00106         movwf PORTB
0059   205C           00107         call LCD_command
005A   1408           00108         bsf PORTD,0; RS=1 modo dato
005B   0008           00109         return
                      00110 
                      00111 ; send commands
005C                  00112 LCD_command
005C   1488           00113         bsf PORTD,1; pone el enable en 1
005D   2069           00114         call delay; tiempo de espera
005E   2069           00115         call delay
005F   1088           00116         bcf PORTD,1; enable en 0
0060   2069           00117         call delay
0061   0008           00118         return
                      00119 
0062                  00120 LCD_send
0062   1408           00121         bsf PORTD,0
0063   205C           00122         call LCD_command
0064   0008           00123         return
                      00124 
0065                  00125 LCD_line2
0065   1408           00126         bsf PORTD,0
0066   30C0           00127         movlw 0xC0
0067   0086           00128         movwf PORTB
0068   205C           00129         call LCD_command
                      00130 
0069                  00131 delay
0069   30FF           00132         movlw .255
006A   00B1           00133         movwf val2
                      00134 
006B                  00135 loop
006B   30FF           00136         movlw .255
006C   00B0           00137         movwf val1
                      00138 
006D                  00139 loop2
006D   0BB0           00140         decfsz val1,1
006E   286D           00141         goto loop2
006F   0BB1           00142         decfsz val2,1
0070   286B           00143         goto loop
0071   0008           00144         return
                      00145 
Warning[205]: Found directive in column 1. (END)
MPASM  5.51                        MYNAME.ASM   7-7-2023  18:38:30         PAGE  4


LOC  OBJECT CODE     LINE SOURCE TEXT
  VALUE

                      00146 END
MPASM  5.51                        MYNAME.ASM   7-7-2023  18:38:30         PAGE  5


SYMBOL TABLE
  LABEL                             VALUE 

ACKDT                             00000005
ACKEN                             00000004
ACKSTAT                           00000006
ADCON0                            0000001F
ADCON1                            0000009F
ADCS0                             00000006
ADCS1                             00000007
ADCS2                             00000006
ADDEN                             00000003
ADFM                              00000007
ADIE                              00000006
ADIF                              00000006
ADON                              00000000
ADRESH                            0000001E
ADRESL                            0000009E
BCLIE                             00000003
BCLIF                             00000003
BF                                00000000
BRGH                              00000002
C                                 00000000
C1INV                             00000004
C1OUT                             00000006
C2INV                             00000005
C2OUT                             00000007
CCP1CON                           00000017
CCP1IE                            00000002
CCP1IF                            00000002
CCP1M0                            00000000
CCP1M1                            00000001
CCP1M2                            00000002
CCP1M3                            00000003
CCP1X                             00000005
CCP1Y                             00000004
CCP2CON                           0000001D
CCP2IE                            00000000
CCP2IF                            00000000
CCP2M0                            00000000
CCP2M1                            00000001
CCP2M2                            00000002
CCP2M3                            00000003
CCP2X                             00000005
CCP2Y                             00000004
CCPR1                             00000015
CCPR1H                            00000016
CCPR1L                            00000015
CCPR2                             0000001B
CCPR2H                            0000001C
CCPR2L                            0000001B
CHS0                              00000003
CHS1                              00000004
CHS2                              00000005
CIS                               00000003
CKE                               00000006
MPASM  5.51                        MYNAME.ASM   7-7-2023  18:38:30         PAGE  6


SYMBOL TABLE
  LABEL                             VALUE 

CKP                               00000004
CM0                               00000000
CM1                               00000001
CM2                               00000002
CMCON                             0000009C
CMIE                              00000006
CMIF                              00000006
CREN                              00000004
CSRC                              00000007
CVR0                              00000000
CVR1                              00000001
CVR2                              00000002
CVR3                              00000003
CVRCON                            0000009D
CVREN                             00000007
CVROE                             00000006
CVRR                              00000005
D                                 00000005
DATA_ADDRESS                      00000005
DC                                00000001
D_A                               00000005
D_NOT_A                           00000005
EEADR                             0000010D
EEADRH                            0000010F
EECON1                            0000018C
EECON2                            0000018D
EEDATA                            0000010C
EEDATH                            0000010E
EEIE                              00000004
EEIF                              00000004
EEPGD                             00000007
F                                 00000001
FERR                              00000002
FSR                               00000004
GCEN                              00000007
GIE                               00000007
GO                                00000002
GO_DONE                           00000002
GO_NOT_DONE                       00000002
I2C_DATA                          00000005
I2C_READ                          00000002
I2C_START                         00000003
I2C_STOP                          00000004
IBF                               00000007
IBOV                              00000005
INDF                              00000000
INTCON                            0000000B
INTE                              00000004
INTEDG                            00000006
INTF                              00000001
IRP                               00000007
LCD_command                       0000005C
LCD_init                          00000050
MPASM  5.51                        MYNAME.ASM   7-7-2023  18:38:30         PAGE  7


SYMBOL TABLE
  LABEL                             VALUE 

LCD_line2                         00000065
LCD_send                          00000062
NOT_A                             00000005
NOT_ADDRESS                       00000005
NOT_BO                            00000000
NOT_BOR                           00000000
NOT_DONE                          00000002
NOT_PD                            00000003
NOT_POR                           00000001
NOT_RBPU                          00000007
NOT_RC8                           00000006
NOT_T1SYNC                        00000002
NOT_TO                            00000004
NOT_TX8                           00000006
NOT_W                             00000002
NOT_WRITE                         00000002
OBF                               00000006
OERR                              00000001
OPTION_REG                        00000081
P                                 00000004
PCFG0                             00000000
PCFG1                             00000001
PCFG2                             00000002
PCFG3                             00000003
PCL                               00000002
PCLATH                            0000000A
PCON                              0000008E
PEIE                              00000006
PEN                               00000002
PIE1                              0000008C
PIE2                              0000008D
PIR1                              0000000C
PIR2                              0000000D
PORTA                             00000005
PORTB                             00000006
PORTC                             00000007
PORTD                             00000008
PORTE                             00000009
PR2                               00000092
PS0                               00000000
PS1                               00000001
PS2                               00000002
PSA                               00000003
PSPIE                             00000007
PSPIF                             00000007
PSPMODE                           00000004
R                                 00000002
RA0                               00000000
RA1                               00000001
RA2                               00000002
RA3                               00000003
RA4                               00000004
RA5                               00000005
MPASM  5.51                        MYNAME.ASM   7-7-2023  18:38:30         PAGE  8


SYMBOL TABLE
  LABEL                             VALUE 

RB0                               00000000
RB1                               00000001
RB2                               00000002
RB3                               00000003
RB4                               00000004
RB5                               00000005
RB6                               00000006
RB7                               00000007
RBIE                              00000003
RBIF                              00000000
RC0                               00000000
RC1                               00000001
RC2                               00000002
RC3                               00000003
RC4                               00000004
RC5                               00000005
RC6                               00000006
RC7                               00000007
RC8_9                             00000006
RC9                               00000006
RCD8                              00000000
RCEN                              00000003
RCIE                              00000005
RCIF                              00000005
RCREG                             0000001A
RCSTA                             00000018
RD                                00000000
RD0                               00000000
RD1                               00000001
RD2                               00000002
RD3                               00000003
RD4                               00000004
RD5                               00000005
RD6                               00000006
RD7                               00000007
RE0                               00000000
RE1                               00000001
RE2                               00000002
READ_WRITE                        00000002
RP0                               00000005
RP1                               00000006
RSEN                              00000001
RX9                               00000006
RX9D                              00000000
R_NOT_W                           00000002
R_W                               00000002
S                                 00000003
SEN                               00000000
SMP                               00000007
SPBRG                             00000099
SPEN                              00000007
SREN                              00000005
SSPADD                            00000093
MPASM  5.51                        MYNAME.ASM   7-7-2023  18:38:30         PAGE  9


SYMBOL TABLE
  LABEL                             VALUE 

SSPBUF                            00000013
SSPCON                            00000014
SSPCON2                           00000091
SSPEN                             00000005
SSPIE                             00000003
SSPIF                             00000003
SSPM0                             00000000
SSPM1                             00000001
SSPM2                             00000002
SSPM3                             00000003
SSPOV                             00000006
SSPSTAT                           00000094
STATUS                            00000003
SYNC                              00000004
T0CS                              00000005
T0IE                              00000005
T0IF                              00000002
T0SE                              00000004
T1CKPS0                           00000004
T1CKPS1                           00000005
T1CON                             00000010
T1INSYNC                          00000002
T1OSCEN                           00000003
T1SYNC                            00000002
T2CKPS0                           00000000
T2CKPS1                           00000001
T2CON                             00000012
TMR0                              00000001
TMR0IE                            00000005
TMR0IF                            00000002
TMR1                              0000000E
TMR1CS                            00000001
TMR1H                             0000000F
TMR1IE                            00000000
TMR1IF                            00000000
TMR1L                             0000000E
TMR1ON                            00000000
TMR2                              00000011
TMR2IE                            00000001
TMR2IF                            00000001
TMR2ON                            00000002
TOUTPS0                           00000003
TOUTPS1                           00000004
TOUTPS2                           00000005
TOUTPS3                           00000006
TRISA                             00000085
TRISA0                            00000000
TRISA1                            00000001
TRISA2                            00000002
TRISA3                            00000003
TRISA4                            00000004
TRISA5                            00000005
TRISB                             00000086
MPASM  5.51                        MYNAME.ASM   7-7-2023  18:38:30         PAGE 10


SYMBOL TABLE
  LABEL                             VALUE 

TRISB0                            00000000
TRISB1                            00000001
TRISB2                            00000002
TRISB3                            00000003
TRISB4                            00000004
TRISB5                            00000005
TRISB6                            00000006
TRISB7                            00000007
TRISC                             00000087
TRISC0                            00000000
TRISC1                            00000001
TRISC2                            00000002
TRISC3                            00000003
TRISC4                            00000004
TRISC5                            00000005
TRISC6                            00000006
TRISC7                            00000007
TRISD                             00000088
TRISD0                            00000000
TRISD1                            00000001
TRISD2                            00000002
TRISD3                            00000003
TRISD4                            00000004
TRISD5                            00000005
TRISD6                            00000006
TRISD7                            00000007
TRISE                             00000089
TRISE0                            00000000
TRISE1                            00000001
TRISE2                            00000002
TRMT                              00000001
TX8_9                             00000006
TX9                               00000006
TX9D                              00000000
TXD8                              00000000
TXEN                              00000005
TXIE                              00000004
TXIF                              00000004
TXREG                             00000019
TXSTA                             00000098
UA                                00000001
W                                 00000000
WCOL                              00000007
WR                                00000001
WREN                              00000002
WRERR                             00000003
Z                                 00000002
_BODEN_OFF                        00003FBF
_BODEN_ON                         00003FFF
_BOREN_OFF                        00003FBF
_BOREN_ON                         00003FFF
_CONFIG                           00002007
_CPD_OFF                          00003FFF
MPASM  5.51                        MYNAME.ASM   7-7-2023  18:38:30         PAGE 11


SYMBOL TABLE
  LABEL                             VALUE 

_CPD_ON                           00003EFF
_CP_ALL                           00001FFF
_CP_OFF                           00003FFF
_CP_ON                            00001FFF
_DEBUG_OFF                        00003FFF
_DEBUG_ON                         000037FF
_DEVID1                           00002006
_FOSC_EXTRC                       00003FFF
_FOSC_HS                          00003FFE
_FOSC_LP                          00003FFC
_FOSC_XT                          00003FFD
_HS_OSC                           00003FFE
_IDLOC0                           00002000
_IDLOC1                           00002001
_IDLOC2                           00002002
_IDLOC3                           00002003
_LP_OSC                           00003FFC
_LVP_OFF                          00003F7F
_LVP_ON                           00003FFF
_PWRTE_OFF                        00003FFF
_PWRTE_ON                         00003FF7
_RC_OSC                           00003FFF
_WDTE_OFF                         00003FFB
_WDTE_ON                          00003FFF
_WDT_OFF                          00003FFB
_WDT_ON                           00003FFF
_WRT_1FOURTH                      00003BFF
_WRT_256                          00003DFF
_WRT_HALF                         000039FF
_WRT_OFF                          00003FFF
_XT_OSC                           00003FFD
__16F877A                         00000001
delay                             00000069
init                              00000005
loop                              0000006B
loop2                             0000006D
message_1                         00000011
message_2                         00000040
start                             0000000C
val1                              00000030
val2                              00000031
MPASM  5.51                        MYNAME.ASM   7-7-2023  18:38:30         PAGE 12


MEMORY USAGE MAP ('X' = Used,  '-' = Unused)


0000 : X----XXXXXXXXXXX XXXXXXXXXXXXXXXX XXXXXXXXXXXXXXXX XXXXXXXXXXXXXXXX
0040 : XXXXXXXXXXXXXXXX XXXXXXXXXXXXXXXX XXXXXXXXXXXXXXXX XX--------------

All other memory blocks unused.

Program Memory Words Used:   110
Program Memory Words Free:  8082


Errors   :     0
Warnings :     3 reported,     0 suppressed
Messages :     2 reported,     0 suppressed

