MPASM  5.51                          MAIN.ASM   7-26-2023  17:24:17         PAGE  1


LOC  OBJECT CODE     LINE SOURCE TEXT
  VALUE

                      00001 ;--------------------------------
                      00002 ; DISPLAY
                      00003         ; 3F -> 0111111 -> 0
                      00004         ; 06 -> 0000110 -> 1
                      00005         ; 5B -> 1011011 -> 2
                      00006         ; 4F -> 1001111 -> 3
                      00007         ; 66 -> 1100110 -> 4
                      00008         ; 6D -> 1101101 -> 5
                      00009         ; 7D -> 1111101 -> 6
                      00010         ; 07 -> 0000111 -> 7
                      00011         ; 7F -> 1111111 -> 8
                      00012         ; 67 -> 1100111 -> 9
                      00013 ;---------------------------------
                      00014 
Warning[205]: Found directive in column 1. (LIST)
                      00015 LIST P=16F877A
Warning[205]: Found directive in column 1. (INCLUDE)
                      00016 INCLUDE <P16F877A.INC>
                      00001         LIST
                      00002 
                      00003 ;==========================================================================
                      00004 ;  MPASM PIC16F877A processor include
                      00005 ; 
                      00006 ;  (c) Copyright 1999-2013 Microchip Technology, All rights reserved
                      00007 ;==========================================================================
                      00008 
                      00566         LIST
                      00017 
                      00018 ;__config _FOSC_HS & _WDTE_OFF & _PWRTE_ON & _BOREN_OFF & _LVP_OFF & _CPD_OFF & _WRT_OFF & _CP_OFF
                      00019 
Warning[205]: Found directive in column 1. (CBLOCK)
                      00020 CBLOCK 0x0C
                      00021         ; VARIABLES
  0000000C            00022         DELAY_COUNTER           ; variable para el contador del multiplexor
Warning[205]: Found directive in column 1. (ENDC)
                      00023 ENDC
                      00024 
                      00025 ; CONSTANTES
                      00026 #DEFINE         DISPLAY_UNITS   PORTB,0
                      00027 #DEFINE         DISPLAY_TENS    PORTB,1
                      00028 
0000                  00029         ORG     0
0000   2801           00030         GOTO    MAIN
                      00031 
0001                  00032 MAIN
                      00033         ; ir al banco 1
0001   1683           00034         BSF             STATUS,RP0
0002   1303           00035         BCF             STATUS,RP1
                      00036         
Message[302]: Register in operand not in bank 0.  Ensure that bank bits are correct.
0003   1405           00037         BSF     TRISA,0
Message[302]: Register in operand not in bank 0.  Ensure that bank bits are correct.
0004   1006           00038         BCF             TRISB,0
MPASM  5.51                          MAIN.ASM   7-26-2023  17:24:17         PAGE  2


LOC  OBJECT CODE     LINE SOURCE TEXT
  VALUE

Message[302]: Register in operand not in bank 0.  Ensure that bank bits are correct.
0005   1086           00039         BCF     TRISB,1
                      00040 
                      00041         ; todos los pines de PORTD son salidas
Message[302]: Register in operand not in bank 0.  Ensure that bank bits are correct.
0006   0188           00042         CLRF    TRISD
                      00043 
                      00044         ; ir al banco 0
0007   1283           00045         BCF     STATUS, RP0
                      00046 
                      00047         ; limpiar pines del PORTD
0008   0188           00048         CLRF    PORTD
                      00049         
0009   1005           00050         BCF     PORTA,0
                      00051 
000A   1006           00052         BCF             DISPLAY_UNITS           ; RB0=0
000B   1486           00053         BSF             DISPLAY_TENS            ; RB1=1, primero se mostraran las decenas
                      00054 
                      00055         ; LIMPIAMOS VARIABLES
000C   018C           00056         CLRF    DELAY_COUNTER
                      00057 
                      00058         ; asignamos valor a DELAY_COUNTER
000D   30FF           00059         MOVLW   .255
000E   008C           00060         MOVWF   DELAY_COUNTER
                      00061 
000F   300C           00062         MOVLW 0x0c
0010   00B2           00063         MOVWF NUMBER
                      00064 
0011                  00065 START
0011   2039           00066         CALL    BIT8_CDU
                      00067 
                      00068         ; imprime las decenas
0012   0834           00069         MOVF    DEC,W
0013   202E           00070         CALL    BIN2_DISPLAY
0014   0088           00071         MOVWF   PORTD
                      00072         
                      00073         ; DELAY
0015   2026           00074         CALL DELAY_MS
                      00075         
                      00076         ; cambia el RB1=0 y RB0=1 para mostrar unidades
0016   3001           00077         MOVLW   0x01
0017   0086           00078         MOVWF   PORTB
                      00079         
                      00080         ; delay
0018   2026           00081         CALL    DELAY_MS
                      00082 
                      00083         ; imprime las unidades
0019   0835           00084         MOVF    UNI,W                           ; carga en NUMBER en W
001A   202E           00085         CALL    BIN2_DISPLAY
001B   0088           00086         MOVWF   PORTD
                      00087         
                      00088         ; cambia el RB1=1y RB=0 para mostrar las decenas
001C   3002           00089         MOVLW   0x02
MPASM  5.51                          MAIN.ASM   7-26-2023  17:24:17         PAGE  3


LOC  OBJECT CODE     LINE SOURCE TEXT
  VALUE

001D   0086           00090         MOVWF   PORTB
                      00091 
001E   2026           00092         CALL DELAY_MS
                      00093 
001F   2811           00094         GOTO    START                           ; vuelve al inicio
                      00095 
0020                  00096 INCREMENT
0020   0AB2           00097         INCF    NUMBER,F
0021   3064           00098         MOVLW   .100
0022   0232           00099         SUBWF   NUMBER,W
0023   1903           00100         BTFSC   STATUS,Z
0024   01B2           00101         CLRF    NUMBER
0025   0008           00102         RETURN
                      00103 
                      00104 ; retardo
0026                  00105 DELAY_MS
0026   30FA           00106         MOVLW   D'250'
0027   008C           00107         MOVWF   DELAY_COUNTER
                      00108 
0028                  00109 DELAY_LOOP
0028   0B8C           00110         DECFSZ  DELAY_COUNTER,F
0029   2828           00111         GOTO    DELAY_LOOP
002A   0008           00112         RETURN
                      00113 
002B                  00114 RESET_DELAY
002B   30FF           00115         MOVLW   .255
002C   008C           00116         MOVWF   DELAY_COUNTER
002D   0008           00117         RETURN
                      00118 
002E                  00119 BIN2_DISPLAY
002E   0782           00120         ADDWF   PCL,F
002F   343F 3406 345B 00121         DT              0x3F,0x06,0x5B,0x4F,0x66,0x6D,0x7D,0x07,0x7F,0x67
       344F 3466 346D 
       347D 3407 347F 
       3467 
                      00122 
Warning[205]: Found directive in column 1. (INCLUDE)
                      00123 INCLUDE <convertir.inc>
Warning[205]: Found directive in column 1. (CBLOCK)
                      00001 CBLOCK .50
  00000032            00002         NUMBER
  00000033            00003         CEN
  00000034            00004         DEC
  00000035            00005         UNI
Warning[205]: Found directive in column 1. (ENDC)
                      00006 ENDC
                      00007 
0039                  00008 BIT8_CDU
0039   08B2           00009         MOVF NUMBER,F
003A   1D03           00010         BTFSS STATUS,Z
003B   283C           00011         GOTO NUMBER_IS_NOT_ZERO
                      00012 
003C                  00013 NUMBER_IS_NOT_ZERO
MPASM  5.51                          MAIN.ASM   7-26-2023  17:24:17         PAGE  4


LOC  OBJECT CODE     LINE SOURCE TEXT
  VALUE

003C                  00014 EVAL_DATO_MAY_IGUAL_10
003C   300A           00015         MOVLW D'10'
003D   0232           00016         SUBWF NUMBER,W
003E   1803           00017         BTFSC STATUS,C
003F   2844           00018         GOTO DATO_MAY_IGUAL_10
0040   2841           00019         GOTO DATO_MENOR_10
0041                  00020 DATO_MENOR_10
0041   0832           00021         MOVF NUMBER,W
0042   00B5           00022         MOVWF UNI
0043   0008           00023         RETURN
0044                  00024 DATO_MAY_IGUAL_10
0044   300A           00025         MOVLW D'10'
0045   02B2           00026         SUBWF NUMBER,F
0046   0AB4           00027         INCF DEC,F
                      00028         
                      00029         ; EVALUA SI DEC=10
0047   300A           00030         MOVLW D'10'
0048   0234           00031         SUBWF DEC,W
0049   1D03           00032         BTFSS STATUS,Z
004A   283C           00033         GOTO EVAL_DATO_MAY_IGUAL_10
004B   01B4           00034         CLRF DEC
004C   0AB3           00035         INCF CEN,F
004D   283C           00036         GOTO EVAL_DATO_MAY_IGUAL_10
Warning[205]: Found directive in column 1. (END)
                      00124 END
MPASM  5.51                          MAIN.ASM   7-26-2023  17:24:17         PAGE  5


SYMBOL TABLE
  LABEL                             VALUE 

ACKDT                             00000005
ACKEN                             00000004
ACKSTAT                           00000006
ADCON0                            0000001F
ADCON1                            0000009F
ADCS0                             00000006
ADCS1                             00000007
ADCS2                             00000006
ADDEN                             00000003
ADFM                              00000007
ADIE                              00000006
ADIF                              00000006
ADON                              00000000
ADRESH                            0000001E
ADRESL                            0000009E
BCLIE                             00000003
BCLIF                             00000003
BF                                00000000
BIN2_DISPLAY                      0000002E
BIT8_CDU                          00000039
BRGH                              00000002
C                                 00000000
C1INV                             00000004
C1OUT                             00000006
C2INV                             00000005
C2OUT                             00000007
CCP1CON                           00000017
CCP1IE                            00000002
CCP1IF                            00000002
CCP1M0                            00000000
CCP1M1                            00000001
CCP1M2                            00000002
CCP1M3                            00000003
CCP1X                             00000005
CCP1Y                             00000004
CCP2CON                           0000001D
CCP2IE                            00000000
CCP2IF                            00000000
CCP2M0                            00000000
CCP2M1                            00000001
CCP2M2                            00000002
CCP2M3                            00000003
CCP2X                             00000005
CCP2Y                             00000004
CCPR1                             00000015
CCPR1H                            00000016
CCPR1L                            00000015
CCPR2                             0000001B
CCPR2H                            0000001C
CCPR2L                            0000001B
CEN                               00000033
CHS0                              00000003
CHS1                              00000004
MPASM  5.51                          MAIN.ASM   7-26-2023  17:24:17         PAGE  6


SYMBOL TABLE
  LABEL                             VALUE 

CHS2                              00000005
CIS                               00000003
CKE                               00000006
CKP                               00000004
CM0                               00000000
CM1                               00000001
CM2                               00000002
CMCON                             0000009C
CMIE                              00000006
CMIF                              00000006
CREN                              00000004
CSRC                              00000007
CVR0                              00000000
CVR1                              00000001
CVR2                              00000002
CVR3                              00000003
CVRCON                            0000009D
CVREN                             00000007
CVROE                             00000006
CVRR                              00000005
D                                 00000005
DATA_ADDRESS                      00000005
DATO_MAY_IGUAL_10                 00000044
DATO_MENOR_10                     00000041
DC                                00000001
DEC                               00000034
DELAY_COUNTER                     0000000C
DELAY_LOOP                        00000028
DELAY_MS                          00000026
DISPLAY_TENS                      PORTB,1
DISPLAY_UNITS                     PORTB,0
D_A                               00000005
D_NOT_A                           00000005
EEADR                             0000010D
EEADRH                            0000010F
EECON1                            0000018C
EECON2                            0000018D
EEDATA                            0000010C
EEDATH                            0000010E
EEIE                              00000004
EEIF                              00000004
EEPGD                             00000007
EVAL_DATO_MAY_IGUAL_10            0000003C
F                                 00000001
FERR                              00000002
FSR                               00000004
GCEN                              00000007
GIE                               00000007
GO                                00000002
GO_DONE                           00000002
GO_NOT_DONE                       00000002
I2C_DATA                          00000005
I2C_READ                          00000002
MPASM  5.51                          MAIN.ASM   7-26-2023  17:24:17         PAGE  7


SYMBOL TABLE
  LABEL                             VALUE 

I2C_START                         00000003
I2C_STOP                          00000004
IBF                               00000007
IBOV                              00000005
INCREMENT                         00000020
INDF                              00000000
INTCON                            0000000B
INTE                              00000004
INTEDG                            00000006
INTF                              00000001
IRP                               00000007
MAIN                              00000001
NOT_A                             00000005
NOT_ADDRESS                       00000005
NOT_BO                            00000000
NOT_BOR                           00000000
NOT_DONE                          00000002
NOT_PD                            00000003
NOT_POR                           00000001
NOT_RBPU                          00000007
NOT_RC8                           00000006
NOT_T1SYNC                        00000002
NOT_TO                            00000004
NOT_TX8                           00000006
NOT_W                             00000002
NOT_WRITE                         00000002
NUMBER                            00000032
NUMBER_IS_NOT_ZERO                0000003C
OBF                               00000006
OERR                              00000001
OPTION_REG                        00000081
P                                 00000004
PCFG0                             00000000
PCFG1                             00000001
PCFG2                             00000002
PCFG3                             00000003
PCL                               00000002
PCLATH                            0000000A
PCON                              0000008E
PEIE                              00000006
PEN                               00000002
PIE1                              0000008C
PIE2                              0000008D
PIR1                              0000000C
PIR2                              0000000D
PORTA                             00000005
PORTB                             00000006
PORTC                             00000007
PORTD                             00000008
PORTE                             00000009
PR2                               00000092
PS0                               00000000
PS1                               00000001
MPASM  5.51                          MAIN.ASM   7-26-2023  17:24:17         PAGE  8


SYMBOL TABLE
  LABEL                             VALUE 

PS2                               00000002
PSA                               00000003
PSPIE                             00000007
PSPIF                             00000007
PSPMODE                           00000004
R                                 00000002
RA0                               00000000
RA1                               00000001
RA2                               00000002
RA3                               00000003
RA4                               00000004
RA5                               00000005
RB0                               00000000
RB1                               00000001
RB2                               00000002
RB3                               00000003
RB4                               00000004
RB5                               00000005
RB6                               00000006
RB7                               00000007
RBIE                              00000003
RBIF                              00000000
RC0                               00000000
RC1                               00000001
RC2                               00000002
RC3                               00000003
RC4                               00000004
RC5                               00000005
RC6                               00000006
RC7                               00000007
RC8_9                             00000006
RC9                               00000006
RCD8                              00000000
RCEN                              00000003
RCIE                              00000005
RCIF                              00000005
RCREG                             0000001A
RCSTA                             00000018
RD                                00000000
RD0                               00000000
RD1                               00000001
RD2                               00000002
RD3                               00000003
RD4                               00000004
RD5                               00000005
RD6                               00000006
RD7                               00000007
RE0                               00000000
RE1                               00000001
RE2                               00000002
READ_WRITE                        00000002
RESET_DELAY                       0000002B
RP0                               00000005
MPASM  5.51                          MAIN.ASM   7-26-2023  17:24:17         PAGE  9


SYMBOL TABLE
  LABEL                             VALUE 

RP1                               00000006
RSEN                              00000001
RX9                               00000006
RX9D                              00000000
R_NOT_W                           00000002
R_W                               00000002
S                                 00000003
SEN                               00000000
SMP                               00000007
SPBRG                             00000099
SPEN                              00000007
SREN                              00000005
SSPADD                            00000093
SSPBUF                            00000013
SSPCON                            00000014
SSPCON2                           00000091
SSPEN                             00000005
SSPIE                             00000003
SSPIF                             00000003
SSPM0                             00000000
SSPM1                             00000001
SSPM2                             00000002
SSPM3                             00000003
SSPOV                             00000006
SSPSTAT                           00000094
START                             00000011
STATUS                            00000003
SYNC                              00000004
T0CS                              00000005
T0IE                              00000005
T0IF                              00000002
T0SE                              00000004
T1CKPS0                           00000004
T1CKPS1                           00000005
T1CON                             00000010
T1INSYNC                          00000002
T1OSCEN                           00000003
T1SYNC                            00000002
T2CKPS0                           00000000
T2CKPS1                           00000001
T2CON                             00000012
TMR0                              00000001
TMR0IE                            00000005
TMR0IF                            00000002
TMR1                              0000000E
TMR1CS                            00000001
TMR1H                             0000000F
TMR1IE                            00000000
TMR1IF                            00000000
TMR1L                             0000000E
TMR1ON                            00000000
TMR2                              00000011
TMR2IE                            00000001
MPASM  5.51                          MAIN.ASM   7-26-2023  17:24:17         PAGE 10


SYMBOL TABLE
  LABEL                             VALUE 

TMR2IF                            00000001
TMR2ON                            00000002
TOUTPS0                           00000003
TOUTPS1                           00000004
TOUTPS2                           00000005
TOUTPS3                           00000006
TRISA                             00000085
TRISA0                            00000000
TRISA1                            00000001
TRISA2                            00000002
TRISA3                            00000003
TRISA4                            00000004
TRISA5                            00000005
TRISB                             00000086
TRISB0                            00000000
TRISB1                            00000001
TRISB2                            00000002
TRISB3                            00000003
TRISB4                            00000004
TRISB5                            00000005
TRISB6                            00000006
TRISB7                            00000007
TRISC                             00000087
TRISC0                            00000000
TRISC1                            00000001
TRISC2                            00000002
TRISC3                            00000003
TRISC4                            00000004
TRISC5                            00000005
TRISC6                            00000006
TRISC7                            00000007
TRISD                             00000088
TRISD0                            00000000
TRISD1                            00000001
TRISD2                            00000002
TRISD3                            00000003
TRISD4                            00000004
TRISD5                            00000005
TRISD6                            00000006
TRISD7                            00000007
TRISE                             00000089
TRISE0                            00000000
TRISE1                            00000001
TRISE2                            00000002
TRMT                              00000001
TX8_9                             00000006
TX9                               00000006
TX9D                              00000000
TXD8                              00000000
TXEN                              00000005
TXIE                              00000004
TXIF                              00000004
TXREG                             00000019
MPASM  5.51                          MAIN.ASM   7-26-2023  17:24:17         PAGE 11


SYMBOL TABLE
  LABEL                             VALUE 

TXSTA                             00000098
UA                                00000001
UNI                               00000035
W                                 00000000
WCOL                              00000007
WR                                00000001
WREN                              00000002
WRERR                             00000003
Z                                 00000002
_BODEN_OFF                        00003FBF
_BODEN_ON                         00003FFF
_BOREN_OFF                        00003FBF
_BOREN_ON                         00003FFF
_CONFIG                           00002007
_CPD_OFF                          00003FFF
_CPD_ON                           00003EFF
_CP_ALL                           00001FFF
_CP_OFF                           00003FFF
_CP_ON                            00001FFF
_DEBUG_OFF                        00003FFF
_DEBUG_ON                         000037FF
_DEVID1                           00002006
_FOSC_EXTRC                       00003FFF
_FOSC_HS                          00003FFE
_FOSC_LP                          00003FFC
_FOSC_XT                          00003FFD
_HS_OSC                           00003FFE
_IDLOC0                           00002000
_IDLOC1                           00002001
_IDLOC2                           00002002
_IDLOC3                           00002003
_LP_OSC                           00003FFC
_LVP_OFF                          00003F7F
_LVP_ON                           00003FFF
_PWRTE_OFF                        00003FFF
_PWRTE_ON                         00003FF7
_RC_OSC                           00003FFF
_WDTE_OFF                         00003FFB
_WDTE_ON                          00003FFF
_WDT_OFF                          00003FFB
_WDT_ON                           00003FFF
_WRT_1FOURTH                      00003BFF
_WRT_256                          00003DFF
_WRT_HALF                         000039FF
_WRT_OFF                          00003FFF
_XT_OSC                           00003FFD
__16F877A                         00000001
MPASM  5.51                          MAIN.ASM   7-26-2023  17:24:17         PAGE 12


MEMORY USAGE MAP ('X' = Used,  '-' = Unused)


0000 : XXXXXXXXXXXXXXXX XXXXXXXXXXXXXXXX XXXXXXXXXXXXXXXX XXXXXXXXXXXXXXXX
0040 : XXXXXXXXXXXXXX-- ---------------- ---------------- ----------------

All other memory blocks unused.

Program Memory Words Used:    78
Program Memory Words Free:  8114


Errors   :     0
Warnings :     8 reported,     0 suppressed
Messages :     4 reported,     0 suppressed

