MPASM  5.51                          MAIN.ASM   7-15-2023  19:06:11         PAGE  1


LOC  OBJECT CODE     LINE SOURCE TEXT
  VALUE

Warning[205]: Found directive in column 1. (list)
                      00001 list P=16F84A
Warning[205]: Found directive in column 1. (include)
                      00002 include <P16F84A.inc>
                      00001         LIST
                      00002 
                      00003 ;==========================================================================
                      00004 ;  MPASM PIC16F84A processor include
                      00005 ; 
                      00006 ;  (c) Copyright 1999-2013 Microchip Technology, All rights reserved
                      00007 ;==========================================================================
                      00008 
                      00208         LIST
                      00003 
Warning[203]: Found opcode in column 1. (bsf)
0000   1683           00004 bsf STATUS, RP0
                      00005 
Warning[203]: Found opcode in column 1. (movlw)
0001   3011           00006 movlw b'00010001'
Warning[203]: Found opcode in column 1. (movwf)
Message[302]: Register in operand not in bank 0.  Ensure that bank bits are correct.
0002   0085           00007 movwf TRISA
Warning[203]: Found opcode in column 1. (clrf)
Message[302]: Register in operand not in bank 0.  Ensure that bank bits are correct.
0003   0186           00008 clrf TRISB
                      00009 
Warning[203]: Found opcode in column 1. (bcf)
0004   1283           00010 bcf STATUS, RP0
                      00011 
                      00012 ;--------------------------------------------------
                      00013 ; una funcion que la llamamos con un CALL siempre tiene que tener un RETURN
                      00014 ; ojo con la pila (last in first out) para el llamado de subrutinas
                      00015 ; para el pic 16F84A tiene 8 niveles de pila
                      00016 ; este pic no cuenta con sobredesbordamiento de pila
                      00017 ;----------------------------------------------------
                      00018 
Warning[203]: Found opcode in column 1. (clrf)
0005   0186           00019 clrf PORTB;     limpiar todo el puerto B
                      00020 
                      00021 ; subrutina main
0006                  00022 main:
0006   1805           00023         btfsc PORTA, 0; skip if clear
0007   200C           00024         call turnon1
0008   1A05           00025         btfsc PORTA, 4; skip if clear
0009   200E           00026         call turnon2
000A   2010           00027         call turnoffglobal
000B   2806           00028         goto main
                      00029 
000C                  00030 turnon1:
000C   1406           00031         bsf PORTB, 0
000D   0008           00032         return
                      00033 
000E                  00034 turnon2:
MPASM  5.51                          MAIN.ASM   7-15-2023  19:06:11         PAGE  2


LOC  OBJECT CODE     LINE SOURCE TEXT
  VALUE

000E   1486           00035         bsf PORTB, 1
000F   0008           00036         return
                      00037 
0010                  00038 turnoffglobal:
0010   1C05           00039         btfss PORTA, 0
0011   2015           00040         call turnoff1
0012   1E05           00041         btfss PORTA, 4
0013   2017           00042         call turnoff2
0014   0008           00043         return
                      00044 
0015                  00045 turnoff1:
0015   1006           00046         bcf PORTB, 0
0016   0008           00047         return
                      00048 
0017                  00049 turnoff2:
0017   1086           00050         bcf PORTB, 1
0018   0008           00051         return
                      00052 
Warning[205]: Found directive in column 1. (end)
                      00053 end
MPASM  5.51                          MAIN.ASM   7-15-2023  19:06:11         PAGE  3


SYMBOL TABLE
  LABEL                             VALUE 

C                                 00000000
DC                                00000001
EEADR                             00000009
EECON1                            00000088
EECON2                            00000089
EEDATA                            00000008
EEIE                              00000006
EEIF                              00000004
F                                 00000001
FSR                               00000004
GIE                               00000007
INDF                              00000000
INTCON                            0000000B
INTE                              00000004
INTEDG                            00000006
INTF                              00000001
IRP                               00000007
NOT_PD                            00000003
NOT_RBPU                          00000007
NOT_TO                            00000004
OPTION_REG                        00000081
PCL                               00000002
PCLATH                            0000000A
PORTA                             00000005
PORTB                             00000006
PS0                               00000000
PS1                               00000001
PS2                               00000002
PSA                               00000003
RA0                               00000000
RA1                               00000001
RA2                               00000002
RA3                               00000003
RA4                               00000004
RB0                               00000000
RB1                               00000001
RB2                               00000002
RB3                               00000003
RB4                               00000004
RB5                               00000005
RB6                               00000006
RB7                               00000007
RBIE                              00000003
RBIF                              00000000
RD                                00000000
RP0                               00000005
RP1                               00000006
STATUS                            00000003
T0CS                              00000005
T0IE                              00000005
T0IF                              00000002
T0SE                              00000004
TMR0                              00000001
MPASM  5.51                          MAIN.ASM   7-15-2023  19:06:11         PAGE  4


SYMBOL TABLE
  LABEL                             VALUE 

TMR0IE                            00000005
TMR0IF                            00000002
TRISA                             00000085
TRISA0                            00000000
TRISA1                            00000001
TRISA2                            00000002
TRISA3                            00000003
TRISA4                            00000004
TRISB                             00000086
TRISB0                            00000000
TRISB1                            00000001
TRISB2                            00000002
TRISB3                            00000003
TRISB4                            00000004
TRISB5                            00000005
TRISB6                            00000006
TRISB7                            00000007
W                                 00000000
WR                                00000001
WREN                              00000002
WRERR                             00000003
Z                                 00000002
_CONFIG                           00002007
_CP_OFF                           00003FFF
_CP_ON                            0000000F
_DEVID1                           00002006
_FOSC_EXTRC                       00003FFF
_FOSC_HS                          00003FFE
_FOSC_LP                          00003FFC
_FOSC_XT                          00003FFD
_HS_OSC                           00003FFE
_IDLOC0                           00002000
_IDLOC1                           00002001
_IDLOC2                           00002002
_IDLOC3                           00002003
_LP_OSC                           00003FFC
_PWRTE_OFF                        00003FFF
_PWRTE_ON                         00003FF7
_RC_OSC                           00003FFF
_WDTE_OFF                         00003FFB
_WDTE_ON                          00003FFF
_WDT_OFF                          00003FFB
_WDT_ON                           00003FFF
_XT_OSC                           00003FFD
__16F84A                          00000001
main                              00000006
turnoff1                          00000015
turnoff2                          00000017
turnoffglobal                     00000010
turnon1                           0000000C
turnon2                           0000000E
MPASM  5.51                          MAIN.ASM   7-15-2023  19:06:11         PAGE  5


MEMORY USAGE MAP ('X' = Used,  '-' = Unused)


0000 : XXXXXXXXXXXXXXXX XXXXXXXXX------- ---------------- ----------------

All other memory blocks unused.

Program Memory Words Used:    25
Program Memory Words Free:   999


Errors   :     0
Warnings :     9 reported,     0 suppressed
Messages :     2 reported,     0 suppressed

