MPASM  5.51                          MAIN.ASM   7-15-2023  2:05:30         PAGE  1


LOC  OBJECT CODE     LINE SOURCE TEXT
  VALUE

                      00001 ; incluyendo libreria del PIC
Warning[205]: Found directive in column 1. (list)
                      00002 list P=16F84A
Warning[205]: Found directive in column 1. (include)
                      00003 include <P16F84A.inc>; ; cargar procesador
                      00001         LIST
                      00002 
                      00003 ;==========================================================================
                      00004 ;  MPASM PIC16F84A processor include
                      00005 ; 
                      00006 ;  (c) Copyright 1999-2013 Microchip Technology, All rights reserved
                      00007 ;==========================================================================
                      00008 
                      00208         LIST
                      00004 
Warning[205]: Found directive in column 1. (org)
0000                  00005 org 0; ubicacion de inicio del programa en la direccion de memoria 0
                      00006 
Warning[203]: Found opcode in column 1. (bsf)
0000   1683           00007 bsf STATUS,RP0;         me dirijo al banco 1 donde esta el registro TRIS
                      00008 
Warning[203]: Found opcode in column 1. (bsf)
Message[302]: Register in operand not in bank 0.  Ensure that bank bits are correct.
0001   1405           00009 bsf TRISA, 0;           configurar el pin 0 del puerto A como ENTRADA
                      00010 
Warning[203]: Found opcode in column 1. (clrf)
0002   0186           00011 clrf PORTB;             limpiamos todos los bits del puerto B
                      00012 
                      00013 ;bcf TRISB, 0;          configurar el pin 0 del puerto B como SALIDA
                      00014 
Warning[203]: Found opcode in column 1. (movlw)
0003   3000           00015 movlw b'0000000';       lo mismo de arriba pero con registros
Warning[203]: Found opcode in column 1. (movwf)
Message[302]: Register in operand not in bank 0.  Ensure that bank bits are correct.
0004   0086           00016 movwf TRISB;            todos los pines del PORTB seran configurados como salida
                      00017 
Warning[203]: Found opcode in column 1. (bcf)
0005   1283           00018 bcf STATUS, RP0;        volvemos al banco 0
                      00019 
0006                  00020 main:
0006   300F           00021         movlw b'00001111';      cargar el valor de 0000111 en la carga w
0007   0086           00022         movwf PORTB;            coloca el valor de carga del registro w en el PORTB, esto se interpreta:
                      00023         ;       pin 7 del puerto B = 0 logico
                      00024         ;       pin 6 del puerto B = 0 logico
                      00025         ;       pin 5 del puerto B = 0 logico
                      00026         ;       pin 4 del puerto B = 0 logico
                      00027         ;       pin 3 del puerto B = 1 logico
                      00028         ;       pin 2 del puerto B = 1 logico
                      00029         ;       pin 1 del puerto B = 1 logico
                      00030         ;       pin 0 del puerto B = 1 logico
0008   2806           00031         goto main;              para que se haga bucle
Warning[205]: Found directive in column 1. (end)
                      00032 end
MPASM  5.51                          MAIN.ASM   7-15-2023  2:05:30         PAGE  2


SYMBOL TABLE
  LABEL                             VALUE 

C                                 00000000
DC                                00000001
EEADR                             00000009
EECON1                            00000088
EECON2                            00000089
EEDATA                            00000008
EEIE                              00000006
EEIF                              00000004
F                                 00000001
FSR                               00000004
GIE                               00000007
INDF                              00000000
INTCON                            0000000B
INTE                              00000004
INTEDG                            00000006
INTF                              00000001
IRP                               00000007
NOT_PD                            00000003
NOT_RBPU                          00000007
NOT_TO                            00000004
OPTION_REG                        00000081
PCL                               00000002
PCLATH                            0000000A
PORTA                             00000005
PORTB                             00000006
PS0                               00000000
PS1                               00000001
PS2                               00000002
PSA                               00000003
RA0                               00000000
RA1                               00000001
RA2                               00000002
RA3                               00000003
RA4                               00000004
RB0                               00000000
RB1                               00000001
RB2                               00000002
RB3                               00000003
RB4                               00000004
RB5                               00000005
RB6                               00000006
RB7                               00000007
RBIE                              00000003
RBIF                              00000000
RD                                00000000
RP0                               00000005
RP1                               00000006
STATUS                            00000003
T0CS                              00000005
T0IE                              00000005
T0IF                              00000002
T0SE                              00000004
TMR0                              00000001
MPASM  5.51                          MAIN.ASM   7-15-2023  2:05:30         PAGE  3


SYMBOL TABLE
  LABEL                             VALUE 

TMR0IE                            00000005
TMR0IF                            00000002
TRISA                             00000085
TRISA0                            00000000
TRISA1                            00000001
TRISA2                            00000002
TRISA3                            00000003
TRISA4                            00000004
TRISB                             00000086
TRISB0                            00000000
TRISB1                            00000001
TRISB2                            00000002
TRISB3                            00000003
TRISB4                            00000004
TRISB5                            00000005
TRISB6                            00000006
TRISB7                            00000007
W                                 00000000
WR                                00000001
WREN                              00000002
WRERR                             00000003
Z                                 00000002
_CONFIG                           00002007
_CP_OFF                           00003FFF
_CP_ON                            0000000F
_DEVID1                           00002006
_FOSC_EXTRC                       00003FFF
_FOSC_HS                          00003FFE
_FOSC_LP                          00003FFC
_FOSC_XT                          00003FFD
_HS_OSC                           00003FFE
_IDLOC0                           00002000
_IDLOC1                           00002001
_IDLOC2                           00002002
_IDLOC3                           00002003
_LP_OSC                           00003FFC
_PWRTE_OFF                        00003FFF
_PWRTE_ON                         00003FF7
_RC_OSC                           00003FFF
_WDTE_OFF                         00003FFB
_WDTE_ON                          00003FFF
_WDT_OFF                          00003FFB
_WDT_ON                           00003FFF
_XT_OSC                           00003FFD
__16F84A                          00000001
main                              00000006
MPASM  5.51                          MAIN.ASM   7-15-2023  2:05:30         PAGE  4


MEMORY USAGE MAP ('X' = Used,  '-' = Unused)


0000 : XXXXXXXXX------- ---------------- ---------------- ----------------

All other memory blocks unused.

Program Memory Words Used:     9
Program Memory Words Free:  1015


Errors   :     0
Warnings :    10 reported,     0 suppressed
Messages :     2 reported,     0 suppressed

