Warning[205] D:\COLLEGE\MICROCONTROLADORES\ASSEMBLER\PROYECTO\COPIA.ASM 2 : Found directive in column 1. (list)
Warning[205] D:\COLLEGE\MICROCONTROLADORES\ASSEMBLER\PROYECTO\COPIA.ASM 3 : Found directive in column 1. (include)
Warning[205] D:\COLLEGE\MICROCONTROLADORES\ASSEMBLER\PROYECTO\COPIA.ASM 7 : Found directive in column 1. (cblock)
Warning[205] D:\COLLEGE\MICROCONTROLADORES\ASSEMBLER\PROYECTO\COPIA.ASM 14 : Found directive in column 1. (ENDC)
Warning[205] D:\COLLEGE\MICROCONTROLADORES\ASSEMBLER\PROYECTO\COPIA.ASM 17 : Found directive in column 1. (org)
Warning[207] D:\COLLEGE\MICROCONTROLADORES\ASSEMBLER\PROYECTO\COPIA.ASM 27 : Found label after column 1. (cpfseq)
Error[122]   D:\COLLEGE\MICROCONTROLADORES\ASSEMBLER\PROYECTO\COPIA.ASM 27 : Illegal opcode (WREG)
Warning[207] D:\COLLEGE\MICROCONTROLADORES\ASSEMBLER\PROYECTO\COPIA.ASM 31 : Found label after column 1. (cpfseq)
Error[122]   D:\COLLEGE\MICROCONTROLADORES\ASSEMBLER\PROYECTO\COPIA.ASM 31 : Illegal opcode (WREG)
Warning[207] D:\COLLEGE\MICROCONTROLADORES\ASSEMBLER\PROYECTO\COPIA.ASM 35 : Found label after column 1. (cpfseq)
Error[122]   D:\COLLEGE\MICROCONTROLADORES\ASSEMBLER\PROYECTO\COPIA.ASM 35 : Illegal opcode (WREG)
Warning[207] D:\COLLEGE\MICROCONTROLADORES\ASSEMBLER\PROYECTO\COPIA.ASM 39 : Found label after column 1. (cpfseq)
Error[122]   D:\COLLEGE\MICROCONTROLADORES\ASSEMBLER\PROYECTO\COPIA.ASM 39 : Illegal opcode (WREG)
Warning[207] D:\COLLEGE\MICROCONTROLADORES\ASSEMBLER\PROYECTO\COPIA.ASM 43 : Found label after column 1. (cpfseq)
Error[122]   D:\COLLEGE\MICROCONTROLADORES\ASSEMBLER\PROYECTO\COPIA.ASM 43 : Illegal opcode (WREG)
Warning[207] D:\COLLEGE\MICROCONTROLADORES\ASSEMBLER\PROYECTO\COPIA.ASM 47 : Found label after column 1. (cpfseq)
Error[122]   D:\COLLEGE\MICROCONTROLADORES\ASSEMBLER\PROYECTO\COPIA.ASM 47 : Illegal opcode (WREG)
Warning[207] D:\COLLEGE\MICROCONTROLADORES\ASSEMBLER\PROYECTO\COPIA.ASM 51 : Found label after column 1. (cpfseq)
Error[122]   D:\COLLEGE\MICROCONTROLADORES\ASSEMBLER\PROYECTO\COPIA.ASM 51 : Illegal opcode (WREG)
Warning[207] D:\COLLEGE\MICROCONTROLADORES\ASSEMBLER\PROYECTO\COPIA.ASM 55 : Found label after column 1. (cpfseq)
Error[122]   D:\COLLEGE\MICROCONTROLADORES\ASSEMBLER\PROYECTO\COPIA.ASM 55 : Illegal opcode (WREG)
Warning[207] D:\COLLEGE\MICROCONTROLADORES\ASSEMBLER\PROYECTO\COPIA.ASM 59 : Found label after column 1. (cpfseq)
Error[122]   D:\COLLEGE\MICROCONTROLADORES\ASSEMBLER\PROYECTO\COPIA.ASM 59 : Illegal opcode (WREG)
Warning[207] D:\COLLEGE\MICROCONTROLADORES\ASSEMBLER\PROYECTO\COPIA.ASM 63 : Found label after column 1. (cpfseq)
Error[122]   D:\COLLEGE\MICROCONTROLADORES\ASSEMBLER\PROYECTO\COPIA.ASM 63 : Illegal opcode (WREG)
Error[113]   D:\COLLEGE\MICROCONTROLADORES\ASSEMBLER\PROYECTO\COPIA.ASM 78 : Symbol not previously defined (WREG)
Message[302] D:\COLLEGE\MICROCONTROLADORES\ASSEMBLER\PROYECTO\COPIA.ASM 124 : Register in operand not in bank 0.  Ensure that bank bits are correct.
Message[302] D:\COLLEGE\MICROCONTROLADORES\ASSEMBLER\PROYECTO\COPIA.ASM 126 : Register in operand not in bank 0.  Ensure that bank bits are correct.
Message[302] D:\COLLEGE\MICROCONTROLADORES\ASSEMBLER\PROYECTO\COPIA.ASM 128 : Register in operand not in bank 0.  Ensure that bank bits are correct.
Message[302] D:\COLLEGE\MICROCONTROLADORES\ASSEMBLER\PROYECTO\COPIA.ASM 129 : Register in operand not in bank 0.  Ensure that bank bits are correct.
Message[302] D:\COLLEGE\MICROCONTROLADORES\ASSEMBLER\PROYECTO\COPIA.ASM 147 : Register in operand not in bank 0.  Ensure that bank bits are correct.
Error[113]   D:\COLLEGE\MICROCONTROLADORES\ASSEMBLER\PROYECTO\COPIA.ASM 159 : Symbol not previously defined (WREG)
Error[113]   D:\COLLEGE\MICROCONTROLADORES\ASSEMBLER\PROYECTO\COPIA.ASM 163 : Symbol not previously defined (WREG)
Error[113]   D:\COLLEGE\MICROCONTROLADORES\ASSEMBLER\PROYECTO\COPIA.ASM 167 : Symbol not previously defined (WREG)
Warning[205] D:\COLLEGE\MICROCONTROLADORES\ASSEMBLER\PROYECTO\COPIA.ASM 185 : Found directive in column 1. (end)
