MPASM  5.51                          MAIN.ASM   7-26-2023  0:23:12         PAGE  1


LOC  OBJECT CODE     LINE SOURCE TEXT
  VALUE

                      00001 ;--------------------------------
                      00002 ; DISPLAY
                      00003         ; 3F -> 0111111 -> 0
                      00004         ; 06 -> 0000110 -> 1
                      00005         ; 5B -> 1011011 -> 2
                      00006         ; 4F -> 1001111 -> 3
                      00007         ; 66 -> 1100110 -> 4
                      00008         ; 6D -> 1101101 -> 5
                      00009         ; 7D -> 1111101 -> 6
                      00010         ; 07 -> 0000111 -> 7
                      00011         ; 7F -> 1111111 -> 8
                      00012         ; 67 -> 1100111 -> 9
                      00013 ;---------------------------------
                      00014 
                      00015 ; configuracion del pic
Warning[205]: Found directive in column 1. (list)
                      00016 list P=16F877A
Warning[205]: Found directive in column 1. (include)
                      00017 include <P16F877A.inc>
                      00001         LIST
                      00002 
                      00003 ;==========================================================================
                      00004 ;  MPASM PIC16F877A processor include
                      00005 ; 
                      00006 ;  (c) Copyright 1999-2013 Microchip Technology, All rights reserved
                      00007 ;==========================================================================
                      00008 
                      00566         LIST
                      00018 
                      00019 ; definicion de registros
Warning[205]: Found directive in column 1. (cblock)
                      00020 cblock 0x0c
  0000000C            00021         counter         ; registro para el contador
  0000000D            00022         seconds         ; registro para los segundos
  0000000E            00023         minutes         ; registro para los minutos
  0000000F            00024         hours           ; registro para las horas
  00000010            00025         units           ; registro para las unidades
  00000011            00026         tens            ; registro para las decenas
  00000012            00027         temp            ; registro temporal
Warning[205]: Found directive in column 1. (ENDC)
                      00028 endc
                      00029 
                      00030 ; inicializacion del pic
Warning[205]: Found directive in column 1. (org)
0000                  00031 org 0x00
0000   2801           00032         goto main
                      00033 
0001                  00034 main:
                      00035         ; configuracion de puertos
0001   1683           00036         bsf STATUS, RP0         ; seleccionar el banco 1
                      00037         
0002   3000           00038         movlw b'00000'
Message[302]: Register in operand not in bank 0.  Ensure that bank bits are correct.
MPASM  5.51                          MAIN.ASM   7-26-2023  0:23:12         PAGE  2


LOC  OBJECT CODE     LINE SOURCE TEXT
  VALUE

0003   0085           00039         movwf TRISA                     ; todos los pines del PORTA como salida
                      00040         
Message[302]: Register in operand not in bank 0.  Ensure that bank bits are correct.
0004   1009           00041         bcf TRISE,0                     ; RE0 como salida
                      00042 
0005   3080           00043         movlw b'10000000'       ; solo RB7 como entrada
Message[302]: Register in operand not in bank 0.  Ensure that bank bits are correct.
0006   0086           00044         movwf TRISB                     ; configurar PORTB
                      00045 
0007   3080           00046         movlw b'10000000'       ; solo RC7 como entrada
Message[302]: Register in operand not in bank 0.  Ensure that bank bits are correct.
0008   0087           00047         movwf TRISC                     ; configurar PORTC
                      00048 
0009   3080           00049         movlw b'10000000'       ; solo RD7 como entrada
Message[302]: Register in operand not in bank 0.  Ensure that bank bits are correct.
000A   0088           00050         movwf TRISD                     ; configurar PORTD
                      00051 
000B   1283           00052         bcf STATUS, RP0         ; retornamos al banco 0
                      00053 
                      00054         ; dando valores a los pines de los puertos: A, B, C, D, E
000C   3000           00055         movlw 0x00                      ; valor 0 a todos los pines
000D   0085           00056         movwf PORTA
000E   0086           00057         movwf PORTB
000F   0087           00058         movwf PORTC
0010   0088           00059         movwf PORTD
0011   0089           00060         movwf PORTE
                      00061 
                      00062         ; habilitar interrupciones globales y la interrupción del Timer0
0012   178B           00063     bsf INTCON, GIE
0013   168B           00064     bsf INTCON, T0IE
                      00065 
                      00066         ; limpiamos variables
0014   018C           00067         clrf counter
0015   018D           00068         clrf seconds
0016   018E           00069         clrf minutes
0017   018F           00070         clrf hours
0018   0190           00071         clrf units
0019   0191           00072         clrf tens
                      00073 
001A                  00074 main_loop:
001A   201D           00075     call display_minutes2
001B   281A           00076         goto main_loop
                      00077 
001C                  00078 display_minutes:
001C   0008           00079         return
                      00080 
001D                  00081 display_minutes2:
001D   080E           00082         movf minutes, W
001E   2027           00083     call bin2_display
001F   0088           00084         movwf PORTD
0020   0008           00085         return
                      00086 
0021                  00087 clock_off:
MPASM  5.51                          MAIN.ASM   7-26-2023  0:23:12         PAGE  3


LOC  OBJECT CODE     LINE SOURCE TEXT
  VALUE

                      00088         ; limpia los pines de los puertos
0021   0185           00089         clrf PORTA
0022   0186           00090         clrf PORTB
0023   0187           00091         clrf PORTC
0024   0188           00092         clrf PORTD
0025   0189           00093         clrf PORTE
                      00094         
0026   281A           00095         goto main_loop          ; regresa a la funcion main
                      00096 
                      00097 ; tabla para convertir binarios en los segmentos de los display
0027                  00098 bin2_display:
0027   0782           00099         addwf PCL,F             ; suma el contenido del registro W al registro PCL (program counter low)
0028   343F 3406 345B 00100         dt 0x3F,0x06,0x5B,0x4F,0x66,0x6D,0x7D,0x07,0x7F,0x67
       344F 3466 346D 
       347D 3407 347F 
       3467 
                      00101 
0032                  00102 bin2_display_RE0:
0032   0092           00103         movwf temp
0033   3400 3400 3401 00104         dt 0x00,0x00,0x01,0x01,0x01,0x01,0x01,0x00,0x01,0x01
       3401 3401 3401 
       3401 3400 3401 
       3401 
Warning[205]: Found directive in column 1. (end)
                      00105 end
MPASM  5.51                          MAIN.ASM   7-26-2023  0:23:12         PAGE  4


SYMBOL TABLE
  LABEL                             VALUE 

ACKDT                             00000005
ACKEN                             00000004
ACKSTAT                           00000006
ADCON0                            0000001F
ADCON1                            0000009F
ADCS0                             00000006
ADCS1                             00000007
ADCS2                             00000006
ADDEN                             00000003
ADFM                              00000007
ADIE                              00000006
ADIF                              00000006
ADON                              00000000
ADRESH                            0000001E
ADRESL                            0000009E
BCLIE                             00000003
BCLIF                             00000003
BF                                00000000
BRGH                              00000002
C                                 00000000
C1INV                             00000004
C1OUT                             00000006
C2INV                             00000005
C2OUT                             00000007
CCP1CON                           00000017
CCP1IE                            00000002
CCP1IF                            00000002
CCP1M0                            00000000
CCP1M1                            00000001
CCP1M2                            00000002
CCP1M3                            00000003
CCP1X                             00000005
CCP1Y                             00000004
CCP2CON                           0000001D
CCP2IE                            00000000
CCP2IF                            00000000
CCP2M0                            00000000
CCP2M1                            00000001
CCP2M2                            00000002
CCP2M3                            00000003
CCP2X                             00000005
CCP2Y                             00000004
CCPR1                             00000015
CCPR1H                            00000016
CCPR1L                            00000015
CCPR2                             0000001B
CCPR2H                            0000001C
CCPR2L                            0000001B
CHS0                              00000003
CHS1                              00000004
CHS2                              00000005
CIS                               00000003
CKE                               00000006
MPASM  5.51                          MAIN.ASM   7-26-2023  0:23:12         PAGE  5


SYMBOL TABLE
  LABEL                             VALUE 

CKP                               00000004
CM0                               00000000
CM1                               00000001
CM2                               00000002
CMCON                             0000009C
CMIE                              00000006
CMIF                              00000006
CREN                              00000004
CSRC                              00000007
CVR0                              00000000
CVR1                              00000001
CVR2                              00000002
CVR3                              00000003
CVRCON                            0000009D
CVREN                             00000007
CVROE                             00000006
CVRR                              00000005
D                                 00000005
DATA_ADDRESS                      00000005
DC                                00000001
D_A                               00000005
D_NOT_A                           00000005
EEADR                             0000010D
EEADRH                            0000010F
EECON1                            0000018C
EECON2                            0000018D
EEDATA                            0000010C
EEDATH                            0000010E
EEIE                              00000004
EEIF                              00000004
EEPGD                             00000007
F                                 00000001
FERR                              00000002
FSR                               00000004
GCEN                              00000007
GIE                               00000007
GO                                00000002
GO_DONE                           00000002
GO_NOT_DONE                       00000002
I2C_DATA                          00000005
I2C_READ                          00000002
I2C_START                         00000003
I2C_STOP                          00000004
IBF                               00000007
IBOV                              00000005
INDF                              00000000
INTCON                            0000000B
INTE                              00000004
INTEDG                            00000006
INTF                              00000001
IRP                               00000007
NOT_A                             00000005
NOT_ADDRESS                       00000005
MPASM  5.51                          MAIN.ASM   7-26-2023  0:23:12         PAGE  6


SYMBOL TABLE
  LABEL                             VALUE 

NOT_BO                            00000000
NOT_BOR                           00000000
NOT_DONE                          00000002
NOT_PD                            00000003
NOT_POR                           00000001
NOT_RBPU                          00000007
NOT_RC8                           00000006
NOT_T1SYNC                        00000002
NOT_TO                            00000004
NOT_TX8                           00000006
NOT_W                             00000002
NOT_WRITE                         00000002
OBF                               00000006
OERR                              00000001
OPTION_REG                        00000081
P                                 00000004
PCFG0                             00000000
PCFG1                             00000001
PCFG2                             00000002
PCFG3                             00000003
PCL                               00000002
PCLATH                            0000000A
PCON                              0000008E
PEIE                              00000006
PEN                               00000002
PIE1                              0000008C
PIE2                              0000008D
PIR1                              0000000C
PIR2                              0000000D
PORTA                             00000005
PORTB                             00000006
PORTC                             00000007
PORTD                             00000008
PORTE                             00000009
PR2                               00000092
PS0                               00000000
PS1                               00000001
PS2                               00000002
PSA                               00000003
PSPIE                             00000007
PSPIF                             00000007
PSPMODE                           00000004
R                                 00000002
RA0                               00000000
RA1                               00000001
RA2                               00000002
RA3                               00000003
RA4                               00000004
RA5                               00000005
RB0                               00000000
RB1                               00000001
RB2                               00000002
RB3                               00000003
MPASM  5.51                          MAIN.ASM   7-26-2023  0:23:12         PAGE  7


SYMBOL TABLE
  LABEL                             VALUE 

RB4                               00000004
RB5                               00000005
RB6                               00000006
RB7                               00000007
RBIE                              00000003
RBIF                              00000000
RC0                               00000000
RC1                               00000001
RC2                               00000002
RC3                               00000003
RC4                               00000004
RC5                               00000005
RC6                               00000006
RC7                               00000007
RC8_9                             00000006
RC9                               00000006
RCD8                              00000000
RCEN                              00000003
RCIE                              00000005
RCIF                              00000005
RCREG                             0000001A
RCSTA                             00000018
RD                                00000000
RD0                               00000000
RD1                               00000001
RD2                               00000002
RD3                               00000003
RD4                               00000004
RD5                               00000005
RD6                               00000006
RD7                               00000007
RE0                               00000000
RE1                               00000001
RE2                               00000002
READ_WRITE                        00000002
RP0                               00000005
RP1                               00000006
RSEN                              00000001
RX9                               00000006
RX9D                              00000000
R_NOT_W                           00000002
R_W                               00000002
S                                 00000003
SEN                               00000000
SMP                               00000007
SPBRG                             00000099
SPEN                              00000007
SREN                              00000005
SSPADD                            00000093
SSPBUF                            00000013
SSPCON                            00000014
SSPCON2                           00000091
SSPEN                             00000005
MPASM  5.51                          MAIN.ASM   7-26-2023  0:23:12         PAGE  8


SYMBOL TABLE
  LABEL                             VALUE 

SSPIE                             00000003
SSPIF                             00000003
SSPM0                             00000000
SSPM1                             00000001
SSPM2                             00000002
SSPM3                             00000003
SSPOV                             00000006
SSPSTAT                           00000094
STATUS                            00000003
SYNC                              00000004
T0CS                              00000005
T0IE                              00000005
T0IF                              00000002
T0SE                              00000004
T1CKPS0                           00000004
T1CKPS1                           00000005
T1CON                             00000010
T1INSYNC                          00000002
T1OSCEN                           00000003
T1SYNC                            00000002
T2CKPS0                           00000000
T2CKPS1                           00000001
T2CON                             00000012
TMR0                              00000001
TMR0IE                            00000005
TMR0IF                            00000002
TMR1                              0000000E
TMR1CS                            00000001
TMR1H                             0000000F
TMR1IE                            00000000
TMR1IF                            00000000
TMR1L                             0000000E
TMR1ON                            00000000
TMR2                              00000011
TMR2IE                            00000001
TMR2IF                            00000001
TMR2ON                            00000002
TOUTPS0                           00000003
TOUTPS1                           00000004
TOUTPS2                           00000005
TOUTPS3                           00000006
TRISA                             00000085
TRISA0                            00000000
TRISA1                            00000001
TRISA2                            00000002
TRISA3                            00000003
TRISA4                            00000004
TRISA5                            00000005
TRISB                             00000086
TRISB0                            00000000
TRISB1                            00000001
TRISB2                            00000002
TRISB3                            00000003
MPASM  5.51                          MAIN.ASM   7-26-2023  0:23:12         PAGE  9


SYMBOL TABLE
  LABEL                             VALUE 

TRISB4                            00000004
TRISB5                            00000005
TRISB6                            00000006
TRISB7                            00000007
TRISC                             00000087
TRISC0                            00000000
TRISC1                            00000001
TRISC2                            00000002
TRISC3                            00000003
TRISC4                            00000004
TRISC5                            00000005
TRISC6                            00000006
TRISC7                            00000007
TRISD                             00000088
TRISD0                            00000000
TRISD1                            00000001
TRISD2                            00000002
TRISD3                            00000003
TRISD4                            00000004
TRISD5                            00000005
TRISD6                            00000006
TRISD7                            00000007
TRISE                             00000089
TRISE0                            00000000
TRISE1                            00000001
TRISE2                            00000002
TRMT                              00000001
TX8_9                             00000006
TX9                               00000006
TX9D                              00000000
TXD8                              00000000
TXEN                              00000005
TXIE                              00000004
TXIF                              00000004
TXREG                             00000019
TXSTA                             00000098
UA                                00000001
W                                 00000000
WCOL                              00000007
WR                                00000001
WREN                              00000002
WRERR                             00000003
Z                                 00000002
_BODEN_OFF                        00003FBF
_BODEN_ON                         00003FFF
_BOREN_OFF                        00003FBF
_BOREN_ON                         00003FFF
_CONFIG                           00002007
_CPD_OFF                          00003FFF
_CPD_ON                           00003EFF
_CP_ALL                           00001FFF
_CP_OFF                           00003FFF
_CP_ON                            00001FFF
MPASM  5.51                          MAIN.ASM   7-26-2023  0:23:12         PAGE 10


SYMBOL TABLE
  LABEL                             VALUE 

_DEBUG_OFF                        00003FFF
_DEBUG_ON                         000037FF
_DEVID1                           00002006
_FOSC_EXTRC                       00003FFF
_FOSC_HS                          00003FFE
_FOSC_LP                          00003FFC
_FOSC_XT                          00003FFD
_HS_OSC                           00003FFE
_IDLOC0                           00002000
_IDLOC1                           00002001
_IDLOC2                           00002002
_IDLOC3                           00002003
_LP_OSC                           00003FFC
_LVP_OFF                          00003F7F
_LVP_ON                           00003FFF
_PWRTE_OFF                        00003FFF
_PWRTE_ON                         00003FF7
_RC_OSC                           00003FFF
_WDTE_OFF                         00003FFB
_WDTE_ON                          00003FFF
_WDT_OFF                          00003FFB
_WDT_ON                           00003FFF
_WRT_1FOURTH                      00003BFF
_WRT_256                          00003DFF
_WRT_HALF                         000039FF
_WRT_OFF                          00003FFF
_XT_OSC                           00003FFD
__16F877A                         00000001
bin2_display                      00000027
bin2_display_RE0                  00000032
clock_off                         00000021
counter                           0000000C
display_minutes                   0000001C
display_minutes2                  0000001D
hours                             0000000F
main                              00000001
main_loop                         0000001A
minutes                           0000000E
seconds                           0000000D
temp                              00000012
tens                              00000011
units                             00000010
MPASM  5.51                          MAIN.ASM   7-26-2023  0:23:12         PAGE 11


MEMORY USAGE MAP ('X' = Used,  '-' = Unused)


0000 : XXXXXXXXXXXXXXXX XXXXXXXXXXXXXXXX XXXXXXXXXXXXXXXX XXXXXXXXXXXXX---

All other memory blocks unused.

Program Memory Words Used:    61
Program Memory Words Free:  8131


Errors   :     0
Warnings :     6 reported,     0 suppressed
Messages :     5 reported,     0 suppressed

